[INFO ] 2021-11-17 20:31:06.108 [pool-2-thread-1]   Bus - Bus arrived to a bus stop.
[INFO ] 2021-11-17 20:31:06.108 [pool-2-thread-5]   Bus - Bus arrived to a bus stop.
[INFO ] 2021-11-17 20:31:06.108 [pool-2-thread-2]   Bus - Bus arrived to a bus stop.
[INFO ] 2021-11-17 20:31:06.108 [pool-2-thread-3]   Bus - Bus arrived to a bus stop.
[INFO ] 2021-11-17 20:31:06.108 [pool-2-thread-4]   Bus - Bus arrived to a bus stop.
[INFO ] 2021-11-17 20:31:06.156 [pool-2-thread-3]   Route - Obtained bus stop 1
[INFO ] 2021-11-17 20:31:06.156 [pool-2-thread-4]   Route - Obtained bus stop 2
[INFO ] 2021-11-17 20:31:06.156 [pool-2-thread-3]   BusStop - Bus stop 1 is processing
[INFO ] 2021-11-17 20:31:06.167 [pool-2-thread-4]   BusStop - Bus stop 2 is processing
[INFO ] 2021-11-17 20:31:06.167 [pool-2-thread-1]   Route - Obtained bus stop 3
[INFO ] 2021-11-17 20:31:06.169 [pool-2-thread-1]   BusStop - Bus stop 3 is processing
[INFO ] 2021-11-17 20:31:06.169 [pool-2-thread-2]   Route - Obtained bus stop 4
[INFO ] 2021-11-17 20:31:06.169 [pool-2-thread-2]   BusStop - Bus stop 4 is processing
[INFO ] 2021-11-17 20:31:06.169 [pool-2-thread-5]   Route - Obtained bus stop 5
[INFO ] 2021-11-17 20:31:06.170 [pool-2-thread-5]   BusStop - Bus stop 5 is processing
[INFO ] 2021-11-17 20:31:08.180 [pool-2-thread-1]   BusStop - Bus stop 3 finished processing
[INFO ] 2021-11-17 20:31:08.180 [pool-2-thread-1]   Route - Released bus stop 3
[INFO ] 2021-11-17 20:31:08.180 [pool-2-thread-1]   Bus - Bus drove away from a bus stop.
[INFO ] 2021-11-17 20:31:12.182 [pool-2-thread-2]   BusStop - Bus stop 4 finished processing
[INFO ] 2021-11-17 20:31:12.182 [pool-2-thread-2]   Route - Released bus stop 4
[INFO ] 2021-11-17 20:31:12.182 [pool-2-thread-2]   Bus - Bus drove away from a bus stop.
[INFO ] 2021-11-17 20:31:13.186 [pool-2-thread-4]   BusStop - Bus stop 2 finished processing
[INFO ] 2021-11-17 20:31:13.186 [pool-2-thread-5]   BusStop - Bus stop 5 finished processing
[INFO ] 2021-11-17 20:31:13.186 [pool-2-thread-4]   Route - Released bus stop 2
[INFO ] 2021-11-17 20:31:13.190 [pool-2-thread-5]   Route - Released bus stop 5
[INFO ] 2021-11-17 20:31:13.190 [pool-2-thread-5]   Bus - Bus drove away from a bus stop.
[INFO ] 2021-11-17 20:31:13.190 [pool-2-thread-4]   Bus - Bus drove away from a bus stop.
[INFO ] 2021-11-17 20:31:15.172 [pool-2-thread-3]   BusStop - Bus stop 1 finished processing
[INFO ] 2021-11-17 20:31:15.172 [pool-2-thread-3]   Route - Released bus stop 1
[INFO ] 2021-11-17 20:31:15.172 [pool-2-thread-3]   Bus - Bus drove away from a bus stop.
[INFO ] 2021-11-17 20:33:04.460 [pool-2-thread-1]   Bus - Bus 1 arrived to a bus stop.
[INFO ] 2021-11-17 20:33:04.470 [pool-2-thread-2]   Bus - Bus 2 arrived to a bus stop.
[INFO ] 2021-11-17 20:33:04.471 [pool-2-thread-3]   Bus - Bus 3 arrived to a bus stop.
[INFO ] 2021-11-17 20:33:04.483 [pool-2-thread-4]   Bus - Bus 4 arrived to a bus stop.
[INFO ] 2021-11-17 20:33:04.482 [pool-2-thread-5]   Bus - Bus 5 arrived to a bus stop.
[INFO ] 2021-11-17 20:33:04.514 [pool-2-thread-1]   Route - Obtained bus stop 1
[INFO ] 2021-11-17 20:33:04.514 [pool-2-thread-1]   BusStop - Bus stop 1 is processing
[INFO ] 2021-11-17 20:33:04.514 [pool-2-thread-4]   Route - Obtained bus stop 2
[INFO ] 2021-11-17 20:33:04.514 [pool-2-thread-4]   BusStop - Bus stop 2 is processing
[INFO ] 2021-11-17 20:33:04.514 [pool-2-thread-2]   Route - Obtained bus stop 3
[INFO ] 2021-11-17 20:33:04.519 [pool-2-thread-5]   Route - Obtained bus stop 4
[INFO ] 2021-11-17 20:33:04.519 [pool-2-thread-2]   BusStop - Bus stop 3 is processing
[INFO ] 2021-11-17 20:33:04.520 [pool-2-thread-3]   Route - Obtained bus stop 5
[INFO ] 2021-11-17 20:33:04.520 [pool-2-thread-5]   BusStop - Bus stop 4 is processing
[INFO ] 2021-11-17 20:33:04.520 [pool-2-thread-3]   BusStop - Bus stop 5 is processing
[INFO ] 2021-11-17 20:33:06.528 [pool-2-thread-4]   BusStop - Bus stop 2 finished processing
[INFO ] 2021-11-17 20:33:06.528 [pool-2-thread-4]   Route - Released bus stop 2
[INFO ] 2021-11-17 20:33:06.528 [pool-2-thread-4]   Bus - Bus 4 drove away from a bus stop.
[INFO ] 2021-11-17 20:33:08.535 [pool-2-thread-3]   BusStop - Bus stop 5 finished processing
[INFO ] 2021-11-17 20:33:08.535 [pool-2-thread-5]   BusStop - Bus stop 4 finished processing
[INFO ] 2021-11-17 20:33:08.535 [pool-2-thread-3]   Route - Released bus stop 5
[INFO ] 2021-11-17 20:33:08.535 [pool-2-thread-5]   Route - Released bus stop 4
[INFO ] 2021-11-17 20:33:08.535 [pool-2-thread-3]   Bus - Bus 3 drove away from a bus stop.
[INFO ] 2021-11-17 20:33:08.535 [pool-2-thread-5]   Bus - Bus 5 drove away from a bus stop.
[INFO ] 2021-11-17 20:33:09.521 [pool-2-thread-1]   BusStop - Bus stop 1 finished processing
[INFO ] 2021-11-17 20:33:09.521 [pool-2-thread-1]   Route - Released bus stop 1
[INFO ] 2021-11-17 20:33:09.521 [pool-2-thread-1]   Bus - Bus 1 drove away from a bus stop.
[INFO ] 2021-11-17 20:33:12.531 [pool-2-thread-2]   BusStop - Bus stop 3 finished processing
[INFO ] 2021-11-17 20:33:12.531 [pool-2-thread-2]   Route - Released bus stop 3
[INFO ] 2021-11-17 20:33:12.531 [pool-2-thread-2]   Bus - Bus 2 drove away from a bus stop.
[INFO ] 2021-11-17 20:34:31.263 [pool-2-thread-1]   Bus - Bus 1 arrived to a bus stop.
[INFO ] 2021-11-17 20:34:31.263 [pool-2-thread-5]   Bus - Bus 5 arrived to a bus stop.
[INFO ] 2021-11-17 20:34:31.262 [pool-2-thread-4]   Bus - Bus 4 arrived to a bus stop.
[INFO ] 2021-11-17 20:34:31.263 [pool-2-thread-2]   Bus - Bus 2 arrived to a bus stop.
[INFO ] 2021-11-17 20:34:31.262 [pool-2-thread-3]   Bus - Bus 3 arrived to a bus stop.
[INFO ] 2021-11-17 20:34:31.280 [pool-2-thread-1]   Route - Obtained bus stop 1
[INFO ] 2021-11-17 20:34:31.280 [pool-2-thread-1]   BusStop - Bus stop 1 is processing
[INFO ] 2021-11-17 20:34:31.280 [pool-2-thread-5]   Route - Obtained bus stop 2
[INFO ] 2021-11-17 20:34:31.284 [pool-2-thread-4]   Route - Obtained bus stop 3
[INFO ] 2021-11-17 20:34:31.284 [pool-2-thread-5]   BusStop - Bus stop 2 is processing
[INFO ] 2021-11-17 20:34:31.286 [pool-2-thread-3]   Route - Obtained bus stop 4
[INFO ] 2021-11-17 20:34:31.286 [pool-2-thread-4]   BusStop - Bus stop 3 is processing
[INFO ] 2021-11-17 20:34:31.286 [pool-2-thread-3]   BusStop - Bus stop 4 is processing
[INFO ] 2021-11-17 20:34:31.286 [pool-2-thread-2]   Route - Obtained bus stop 5
[INFO ] 2021-11-17 20:34:31.286 [pool-2-thread-2]   BusStop - Bus stop 5 is processing
[INFO ] 2021-11-17 20:34:37.297 [pool-2-thread-1]   BusStop - Bus stop 1 finished processing
[INFO ] 2021-11-17 20:34:37.297 [pool-2-thread-1]   Route - Released bus stop 1
[INFO ] 2021-11-17 20:34:37.297 [pool-2-thread-1]   Bus - Bus 1 drove away from a bus stop.
[INFO ] 2021-11-17 20:34:38.301 [pool-2-thread-3]   BusStop - Bus stop 4 finished processing
[INFO ] 2021-11-17 20:34:38.301 [pool-2-thread-3]   Route - Released bus stop 4
[INFO ] 2021-11-17 20:34:38.301 [pool-2-thread-3]   Bus - Bus 3 drove away from a bus stop.
[INFO ] 2021-11-17 20:34:39.306 [pool-2-thread-5]   BusStop - Bus stop 2 finished processing
[INFO ] 2021-11-17 20:34:39.306 [pool-2-thread-5]   Route - Released bus stop 2
[INFO ] 2021-11-17 20:34:39.306 [pool-2-thread-5]   Bus - Bus 5 drove away from a bus stop.
[INFO ] 2021-11-17 20:34:40.289 [pool-2-thread-4]   BusStop - Bus stop 3 finished processing
[INFO ] 2021-11-17 20:34:40.289 [pool-2-thread-2]   BusStop - Bus stop 5 finished processing
[INFO ] 2021-11-17 20:34:40.290 [pool-2-thread-2]   Route - Released bus stop 5
[INFO ] 2021-11-17 20:34:40.290 [pool-2-thread-2]   Bus - Bus 2 drove away from a bus stop.
[INFO ] 2021-11-17 20:34:40.290 [pool-2-thread-4]   Route - Released bus stop 3
[INFO ] 2021-11-17 20:34:40.290 [pool-2-thread-4]   Bus - Bus 4 drove away from a bus stop.
